This file contains any messages produced by compilers while
running configure, to aid debugging if configure makes a mistake.

It was created by cpuminer configure 2.3.2, which was
generated by GNU Autoconf 2.68.  Invocation command line was

  $ ./configure 

## --------- ##
## Platform. ##
## --------- ##

hostname = tanghyc
uname -m = i686
uname -r = 1.0.17(0.48/3/2)
uname -s = MINGW32_NT-5.2
uname -v = 2011-04-24 23:39

/usr/bin/uname -p = unknown
/bin/uname -X     = unknown

/bin/arch              = unknown
/usr/bin/arch -k       = unknown
/usr/convex/getsysinfo = unknown
/usr/bin/hostinfo      = unknown
/bin/machine           = unknown
/usr/bin/oslevel       = unknown
/bin/universe          = unknown

PATH: .
PATH: /usr/local/bin
PATH: /mingw/bin
PATH: /bin
PATH: /c/Program Files/Git/bin
PATH: /c/Program Files/Git/bin
PATH: /c/Program Files/Git/bin
PATH: /c/Program Files/Git/bin
PATH: /c/Program Files/Git/bin
PATH: /c/Program Files/Git/bin
PATH: /c/Program Files/Git/bin
PATH: /c/Program Files/Git/bin
PATH: /c/Program Files/Git/bin
PATH: /c/Program Files/Git/bin
PATH: /c/Program Files/Git/bin
PATH: /c/Program Files/Git/bin
PATH: /c/Program Files/Git/bin
PATH: /c/Program Files/Git/bin
PATH: /c/Program Files/Git/bin
PATH: /c/Program Files/Git/bin
PATH: /c/Program Files/Git/bin
PATH: /c/Program Files/Git/bin
PATH: /c/Program Files/Git/bin
PATH: /c/Program Files/Git/bin
PATH: /c/Program Files/Git/bin
PATH: /c/Program Files/Git/bin
PATH: /c/Program Files/Git/bin
PATH: /c/Program Files/Git/bin
PATH: /c/Program Files/Git/bin
PATH: /c/Program Files/Git/bin
PATH: /c/Program Files/Git/bin
PATH: /c/Program Files/Git/bin
PATH: /c/Program Files/Git/bin
PATH: /c/Program Files/Git/bin
PATH: /c/Program Files/Git/bin
PATH: /c/Program Files/Git/bin
PATH: /c/Program Files/Git/bin
PATH: /c/Program Files/Git/bin
PATH: /c/Program Files/Git/bin
PATH: /c/Program Files/Git/bin
PATH: /c/Program Files/Git/bin
PATH: /c/Program Files/Git/bin
PATH: /c/Program Files/Git/bin
PATH: /c/Program Files/Git/bin
PATH: /c/Program Files/Git/bin
PATH: /c/Program Files/Git/bin
PATH: /c/Program Files/Git/bin
PATH: /c/Program Files/Git/bin
PATH: /c/Program Files/Git/bin
PATH: /c/Program Files/Git/bin
PATH: /c/Program Files/Git/bin
PATH: /c/Program Files/Git/bin
PATH: /c/Program Files/Git/bin
PATH: /c/Program Files/Git/bin
PATH: /c/Program Files/Git/bin
PATH: /c/Program Files/Git/bin
PATH: /c/Program Files/Git/bin
PATH: /c/Program Files/Git/bin
PATH: /c/Program Files/Git/bin
PATH: /c/Program Files/Git/bin
PATH: /c/Program Files/Git/bin
PATH: /c/Program Files/Git/bin
PATH: /c/Program Files/Git/bin
PATH: /c/Program Files/Git/bin
PATH: /c/Program Files/Git/bin
PATH: /c/Program Files/Git/bin
PATH: /c/Program Files/Git/bin
PATH: /c/Program Files/Git/bin
PATH: /c/Perl/site/bin
PATH: /c/Perl/bin
PATH: /c/Program Files/Common Files/NetSarang
PATH: /c/WINDOWS/system32
PATH: /c/WINDOWS
PATH: /c/WINDOWS/System32/Wbem
PATH: /c/WINDOWS/system32/WindowsPowerShell/v1.0
PATH: /c/Program Files/Microsoft SQL Server/100/Tools/Binn/
PATH: /c/Program Files/Microsoft SQL Server/100/DTS/Binn/
PATH: /c/Program Files/Microsoft SQL Server/100/Tools/Binn/VSShell/Common7/IDE/
PATH: /c/WINDOWS/system32/WindowsPowerShell/v1.0
PATH: /d/swftools
PATH: /d/PDFtk/bin
PATH: /c/Program Files/Subversion/bin
PATH: /c/Program Files/Microsoft DirectX SDK (December 2005)/Utilities/Bin/x86
PATH: /c/Program Files/eclipse/sdk/platform-tools
PATH: /c/Program Files/eclipse/sdk/tools
PATH: /c/Program Files/Java/jdk1.7.0_25/bin
PATH: /c/Program Files/eclipse/apache-ant-1.9.2/bin
PATH: /c/Program Files/Git/bin
PATH: /c/Program Files/cURL/bin
PATH: /c/Program Files/Microsoft Visual Studio 8/VC/bin
PATH: /v/cygwin/bin
PATH: /c/Perl/bin
PATH: /v/mingw/bin
PATH: /c/Qt/4.8.5/bin


## ----------- ##
## Core tests. ##
## ----------- ##

configure:2290: checking build system type
configure:2304: result: i686-pc-mingw32
configure:2324: checking host system type
configure:2337: result: i686-pc-mingw32
configure:2357: checking target system type
configure:2370: result: i686-pc-mingw32
configure:2414: checking for a BSD-compatible install
configure:2482: result: /bin/install -c
configure:2493: checking whether build environment is sane
configure:2543: result: yes
configure:2684: checking for a thread-safe mkdir -p
configure:2723: result: /bin/mkdir -p
configure:2736: checking for gawk
configure:2752: found /bin/gawk
configure:2763: result: gawk
configure:2774: checking whether make sets $(MAKE)
configure:2796: result: yes
configure:2880: checking whether to enable maintainer-specific portions of Makefiles
configure:2889: result: no
configure:2915: checking for style of include used by make
configure:2943: result: GNU
configure:3013: checking for gcc
configure:3029: found /v/mingw/bin/gcc
configure:3040: result: gcc
configure:3269: checking for C compiler version
configure:3278: gcc --version >&5
gcc.exe (GCC) 4.6.2
Copyright (C) 2011 Free Software Foundation, Inc.
This is free software; see the source for copying conditions.  There is NO
warranty; not even for MERCHANTABILITY or FITNESS FOR A PARTICULAR PURPOSE.

configure:3289: $? = 0
configure:3278: gcc -v >&5
Using built-in specs.
COLLECT_GCC=v:\mingw\bin\gcc.exe
COLLECT_LTO_WRAPPER=v:/mingw/bin/../libexec/gcc/mingw32/4.6.2/lto-wrapper.exe
Target: mingw32
Configured with: ../gcc-4.6.2/configure --enable-languages=c,c++,ada,fortran,objc,obj-c++ --disable-sjlj-exceptions --with-dwarf2 --enable-shared --enable-libgomp --disable-win32-registry --enable-libstdcxx-debug --enable-version-specific-runtime-libs --build=mingw32 --prefix=/mingw
Thread model: win32
gcc version 4.6.2 (GCC) 
configure:3289: $? = 0
configure:3278: gcc -V >&5
gcc.exe: error: unrecognized option '-V'
gcc.exe: fatal error: no input files
compilation terminated.
configure:3289: $? = 1
configure:3278: gcc -qversion >&5
gcc.exe: error: unrecognized option '-qversion'
gcc.exe: fatal error: no input files
compilation terminated.
configure:3289: $? = 1
configure:3309: checking whether the C compiler works
configure:3331: gcc    conftest.c  >&5
configure:3335: $? = 0
configure:3383: result: yes
configure:3386: checking for C compiler default output file name
configure:3388: result: a.exe
configure:3394: checking for suffix of executables
configure:3401: gcc -o conftest.exe    conftest.c  >&5
configure:3405: $? = 0
configure:3427: result: .exe
configure:3449: checking whether we are cross compiling
configure:3457: gcc -o conftest.exe    conftest.c  >&5
configure:3461: $? = 0
configure:3468: ./conftest.exe
configure:3472: $? = 0
configure:3487: result: no
configure:3492: checking for suffix of object files
configure:3514: gcc -c   conftest.c >&5
configure:3518: $? = 0
configure:3539: result: o
configure:3543: checking whether we are using the GNU C compiler
configure:3562: gcc -c   conftest.c >&5
configure:3562: $? = 0
configure:3571: result: yes
configure:3580: checking whether gcc accepts -g
configure:3600: gcc -c -g  conftest.c >&5
configure:3600: $? = 0
configure:3641: result: yes
configure:3658: checking for gcc option to accept ISO C89
configure:3722: gcc  -c -g -O2  conftest.c >&5
configure:3722: $? = 0
configure:3735: result: none needed
configure:3757: checking dependency style of gcc
configure:3867: result: gcc3
configure:3882: checking for gcc option to accept ISO C99
configure:4031: gcc  -c -g -O2  conftest.c >&5
conftest.c:61:29: error: expected ';', ',' or ')' before 'text'
conftest.c: In function 'main':
conftest.c:115:18: error: expected '=', ',', ';', 'asm' or '__attribute__' before 'newvar'
conftest.c:115:18: error: 'newvar' undeclared (first use in this function)
conftest.c:115:18: note: each undeclared identifier is reported only once for each function it appears in
conftest.c:125:3: error: 'for' loop initial declarations are only allowed in C99 mode
conftest.c:125:3: note: use option -std=c99 or -std=gnu99 to compile your code
configure:4031: $? = 1
configure: failed program was:
| /* confdefs.h */
| #define PACKAGE_NAME "cpuminer"
| #define PACKAGE_TARNAME "cpuminer"
| #define PACKAGE_VERSION "2.3.2"
| #define PACKAGE_STRING "cpuminer 2.3.2"
| #define PACKAGE_BUGREPORT ""
| #define PACKAGE_URL ""
| #define PACKAGE "cpuminer"
| #define VERSION "2.3.2"
| /* end confdefs.h.  */
| #include <stdarg.h>
| #include <stdbool.h>
| #include <stdlib.h>
| #include <wchar.h>
| #include <stdio.h>
| 
| // Check varargs macros.  These examples are taken from C99 6.10.3.5.
| #define debug(...) fprintf (stderr, __VA_ARGS__)
| #define showlist(...) puts (#__VA_ARGS__)
| #define report(test,...) ((test) ? puts (#test) : printf (__VA_ARGS__))
| static void
| test_varargs_macros (void)
| {
|   int x = 1234;
|   int y = 5678;
|   debug ("Flag");
|   debug ("X = %d\n", x);
|   showlist (The first, second, and third items.);
|   report (x>y, "x is %d but y is %d", x, y);
| }
| 
| // Check long long types.
| #define BIG64 18446744073709551615ull
| #define BIG32 4294967295ul
| #define BIG_OK (BIG64 / BIG32 == 4294967297ull && BIG64 % BIG32 == 0)
| #if !BIG_OK
|   your preprocessor is broken;
| #endif
| #if BIG_OK
| #else
|   your preprocessor is broken;
| #endif
| static long long int bignum = -9223372036854775807LL;
| static unsigned long long int ubignum = BIG64;
| 
| struct incomplete_array
| {
|   int datasize;
|   double data[];
| };
| 
| struct named_init {
|   int number;
|   const wchar_t *name;
|   double average;
| };
| 
| typedef const char *ccp;
| 
| static inline int
| test_restrict (ccp restrict text)
| {
|   // See if C++-style comments work.
|   // Iterate through items via the restricted pointer.
|   // Also check for declarations in for loops.
|   for (unsigned int i = 0; *(text+i) != '\0'; ++i)
|     continue;
|   return 0;
| }
| 
| // Check varargs and va_copy.
| static void
| test_varargs (const char *format, ...)
| {
|   va_list args;
|   va_start (args, format);
|   va_list args_copy;
|   va_copy (args_copy, args);
| 
|   const char *str;
|   int number;
|   float fnumber;
| 
|   while (*format)
|     {
|       switch (*format++)
| 	{
| 	case 's': // string
| 	  str = va_arg (args_copy, const char *);
| 	  break;
| 	case 'd': // int
| 	  number = va_arg (args_copy, int);
| 	  break;
| 	case 'f': // float
| 	  fnumber = va_arg (args_copy, double);
| 	  break;
| 	default:
| 	  break;
| 	}
|     }
|   va_end (args_copy);
|   va_end (args);
| }
| 
| int
| main ()
| {
| 
|   // Check bool.
|   _Bool success = false;
| 
|   // Check restrict.
|   if (test_restrict ("String literal") == 0)
|     success = true;
|   char *restrict newvar = "Another string";
| 
|   // Check varargs.
|   test_varargs ("s, d' f .", "string", 65, 34.234);
|   test_varargs_macros ();
| 
|   // Check flexible array members.
|   struct incomplete_array *ia =
|     malloc (sizeof (struct incomplete_array) + (sizeof (double) * 10));
|   ia->datasize = 10;
|   for (int i = 0; i < ia->datasize; ++i)
|     ia->data[i] = i * 1.234;
| 
|   // Check named initializers.
|   struct named_init ni = {
|     .number = 34,
|     .name = L"Test wide string",
|     .average = 543.34343,
|   };
| 
|   ni.number = 58;
| 
|   int dynamic_array[ni.number];
|   dynamic_array[ni.number - 1] = 543;
| 
|   // work around unused variable warnings
|   return (!success || bignum == 0LL || ubignum == 0uLL || newvar[0] == 'x'
| 	  || dynamic_array[ni.number - 1] != 543);
| 
|   ;
|   return 0;
| }
configure:4031: gcc -std=gnu99 -c -g -O2  conftest.c >&5
configure:4031: $? = 0
configure:4051: result: -std=gnu99
configure:4065: checking how to run the C preprocessor
configure:4096: gcc -std=gnu99 -E  conftest.c
configure:4096: $? = 0
configure:4110: gcc -std=gnu99 -E  conftest.c
conftest.c:11:28: fatal error: ac_nonexistent.h: No such file or directory
compilation terminated.
configure:4110: $? = 1
configure: failed program was:
| /* confdefs.h */
| #define PACKAGE_NAME "cpuminer"
| #define PACKAGE_TARNAME "cpuminer"
| #define PACKAGE_VERSION "2.3.2"
| #define PACKAGE_STRING "cpuminer 2.3.2"
| #define PACKAGE_BUGREPORT ""
| #define PACKAGE_URL ""
| #define PACKAGE "cpuminer"
| #define VERSION "2.3.2"
| /* end confdefs.h.  */
| #include <ac_nonexistent.h>
configure:4135: result: gcc -std=gnu99 -E
configure:4155: gcc -std=gnu99 -E  conftest.c
configure:4155: $? = 0
configure:4169: gcc -std=gnu99 -E  conftest.c
conftest.c:11:28: fatal error: ac_nonexistent.h: No such file or directory
compilation terminated.
configure:4169: $? = 1
configure: failed program was:
| /* confdefs.h */
| #define PACKAGE_NAME "cpuminer"
| #define PACKAGE_TARNAME "cpuminer"
| #define PACKAGE_VERSION "2.3.2"
| #define PACKAGE_STRING "cpuminer 2.3.2"
| #define PACKAGE_BUGREPORT ""
| #define PACKAGE_URL ""
| #define PACKAGE "cpuminer"
| #define VERSION "2.3.2"
| /* end confdefs.h.  */
| #include <ac_nonexistent.h>
configure:4198: checking for grep that handles long lines and -e
configure:4256: result: /bin/grep
configure:4261: checking for egrep
configure:4323: result: /bin/grep -E
configure:4329: checking whether gcc -std=gnu99 needs -traditional
conftest.c:11:19: fatal error: sgtty.h: No such file or directory
compilation terminated.
conftest.c:11:20: fatal error: termio.h: No such file or directory
compilation terminated.
configure:4363: result: no
configure:4371: checking whether gcc -std=gnu99 and cc understand -c and -o together
configure:4402: gcc -std=gnu99 -c conftest.c -o conftest2.o >&5
configure:4406: $? = 0
configure:4412: gcc -std=gnu99 -c conftest.c -o conftest2.o >&5
configure:4416: $? = 0
configure:4427: cc -c conftest.c >&5
configure:4431: $? = 0
configure:4439: cc -c conftest.c -o conftest2.o >&5
configure:4443: $? = 0
configure:4449: cc -c conftest.c -o conftest2.o >&5
configure:4453: $? = 0
configure:4471: result: yes
configure:4505: checking dependency style of gcc -std=gnu99
configure:4613: result: gcc3
configure:4671: checking for ranlib
configure:4687: found /v/mingw/bin/ranlib
configure:4698: result: ranlib
configure:4721: checking for ANSI C header files
configure:4741: gcc -std=gnu99 -c -g -O2  conftest.c >&5
configure:4741: $? = 0
configure:4814: gcc -std=gnu99 -o conftest.exe -g -O2   conftest.c  >&5
configure:4814: $? = 0
configure:4814: ./conftest.exe
configure:4814: $? = 0
configure:4825: result: yes
configure:4838: checking for sys/types.h
configure:4838: gcc -std=gnu99 -c -g -O2  conftest.c >&5
configure:4838: $? = 0
configure:4838: result: yes
configure:4838: checking for sys/stat.h
configure:4838: gcc -std=gnu99 -c -g -O2  conftest.c >&5
configure:4838: $? = 0
configure:4838: result: yes
configure:4838: checking for stdlib.h
configure:4838: gcc -std=gnu99 -c -g -O2  conftest.c >&5
configure:4838: $? = 0
configure:4838: result: yes
configure:4838: checking for string.h
configure:4838: gcc -std=gnu99 -c -g -O2  conftest.c >&5
configure:4838: $? = 0
configure:4838: result: yes
configure:4838: checking for memory.h
configure:4838: gcc -std=gnu99 -c -g -O2  conftest.c >&5
configure:4838: $? = 0
configure:4838: result: yes
configure:4838: checking for strings.h
configure:4838: gcc -std=gnu99 -c -g -O2  conftest.c >&5
configure:4838: $? = 0
configure:4838: result: yes
configure:4838: checking for inttypes.h
configure:4838: gcc -std=gnu99 -c -g -O2  conftest.c >&5
configure:4838: $? = 0
configure:4838: result: yes
configure:4838: checking for stdint.h
configure:4838: gcc -std=gnu99 -c -g -O2  conftest.c >&5
configure:4838: $? = 0
configure:4838: result: yes
configure:4838: checking for unistd.h
configure:4838: gcc -std=gnu99 -c -g -O2  conftest.c >&5
configure:4838: $? = 0
configure:4838: result: yes
configure:4853: checking sys/endian.h usability
configure:4853: gcc -std=gnu99 -c -g -O2  conftest.c >&5
conftest.c:54:24: fatal error: sys/endian.h: No such file or directory
compilation terminated.
configure:4853: $? = 1
configure: failed program was:
| /* confdefs.h */
| #define PACKAGE_NAME "cpuminer"
| #define PACKAGE_TARNAME "cpuminer"
| #define PACKAGE_VERSION "2.3.2"
| #define PACKAGE_STRING "cpuminer 2.3.2"
| #define PACKAGE_BUGREPORT ""
| #define PACKAGE_URL ""
| #define PACKAGE "cpuminer"
| #define VERSION "2.3.2"
| #define STDC_HEADERS 1
| #define HAVE_SYS_TYPES_H 1
| #define HAVE_SYS_STAT_H 1
| #define HAVE_STDLIB_H 1
| #define HAVE_STRING_H 1
| #define HAVE_MEMORY_H 1
| #define HAVE_STRINGS_H 1
| #define HAVE_INTTYPES_H 1
| #define HAVE_STDINT_H 1
| #define HAVE_UNISTD_H 1
| /* end confdefs.h.  */
| #include <stdio.h>
| #ifdef HAVE_SYS_TYPES_H
| # include <sys/types.h>
| #endif
| #ifdef HAVE_SYS_STAT_H
| # include <sys/stat.h>
| #endif
| #ifdef STDC_HEADERS
| # include <stdlib.h>
| # include <stddef.h>
| #else
| # ifdef HAVE_STDLIB_H
| #  include <stdlib.h>
| # endif
| #endif
| #ifdef HAVE_STRING_H
| # if !defined STDC_HEADERS && defined HAVE_MEMORY_H
| #  include <memory.h>
| # endif
| # include <string.h>
| #endif
| #ifdef HAVE_STRINGS_H
| # include <strings.h>
| #endif
| #ifdef HAVE_INTTYPES_H
| # include <inttypes.h>
| #endif
| #ifdef HAVE_STDINT_H
| # include <stdint.h>
| #endif
| #ifdef HAVE_UNISTD_H
| # include <unistd.h>
| #endif
| #include <sys/endian.h>
configure:4853: result: no
configure:4853: checking sys/endian.h presence
configure:4853: gcc -std=gnu99 -E  conftest.c
conftest.c:21:24: fatal error: sys/endian.h: No such file or directory
compilation terminated.
configure:4853: $? = 1
configure: failed program was:
| /* confdefs.h */
| #define PACKAGE_NAME "cpuminer"
| #define PACKAGE_TARNAME "cpuminer"
| #define PACKAGE_VERSION "2.3.2"
| #define PACKAGE_STRING "cpuminer 2.3.2"
| #define PACKAGE_BUGREPORT ""
| #define PACKAGE_URL ""
| #define PACKAGE "cpuminer"
| #define VERSION "2.3.2"
| #define STDC_HEADERS 1
| #define HAVE_SYS_TYPES_H 1
| #define HAVE_SYS_STAT_H 1
| #define HAVE_STDLIB_H 1
| #define HAVE_STRING_H 1
| #define HAVE_MEMORY_H 1
| #define HAVE_STRINGS_H 1
| #define HAVE_INTTYPES_H 1
| #define HAVE_STDINT_H 1
| #define HAVE_UNISTD_H 1
| /* end confdefs.h.  */
| #include <sys/endian.h>
configure:4853: result: no
configure:4853: checking for sys/endian.h
configure:4853: result: no
configure:4853: checking sys/param.h usability
configure:4853: gcc -std=gnu99 -c -g -O2  conftest.c >&5
configure:4853: $? = 0
configure:4853: result: yes
configure:4853: checking sys/param.h presence
configure:4853: gcc -std=gnu99 -E  conftest.c
configure:4853: $? = 0
configure:4853: result: yes
configure:4853: checking for sys/param.h
configure:4853: result: yes
configure:4853: checking syslog.h usability
configure:4853: gcc -std=gnu99 -c -g -O2  conftest.c >&5
conftest.c:55:20: fatal error: syslog.h: No such file or directory
compilation terminated.
configure:4853: $? = 1
configure: failed program was:
| /* confdefs.h */
| #define PACKAGE_NAME "cpuminer"
| #define PACKAGE_TARNAME "cpuminer"
| #define PACKAGE_VERSION "2.3.2"
| #define PACKAGE_STRING "cpuminer 2.3.2"
| #define PACKAGE_BUGREPORT ""
| #define PACKAGE_URL ""
| #define PACKAGE "cpuminer"
| #define VERSION "2.3.2"
| #define STDC_HEADERS 1
| #define HAVE_SYS_TYPES_H 1
| #define HAVE_SYS_STAT_H 1
| #define HAVE_STDLIB_H 1
| #define HAVE_STRING_H 1
| #define HAVE_MEMORY_H 1
| #define HAVE_STRINGS_H 1
| #define HAVE_INTTYPES_H 1
| #define HAVE_STDINT_H 1
| #define HAVE_UNISTD_H 1
| #define HAVE_SYS_PARAM_H 1
| /* end confdefs.h.  */
| #include <stdio.h>
| #ifdef HAVE_SYS_TYPES_H
| # include <sys/types.h>
| #endif
| #ifdef HAVE_SYS_STAT_H
| # include <sys/stat.h>
| #endif
| #ifdef STDC_HEADERS
| # include <stdlib.h>
| # include <stddef.h>
| #else
| # ifdef HAVE_STDLIB_H
| #  include <stdlib.h>
| # endif
| #endif
| #ifdef HAVE_STRING_H
| # if !defined STDC_HEADERS && defined HAVE_MEMORY_H
| #  include <memory.h>
| # endif
| # include <string.h>
| #endif
| #ifdef HAVE_STRINGS_H
| # include <strings.h>
| #endif
| #ifdef HAVE_INTTYPES_H
| # include <inttypes.h>
| #endif
| #ifdef HAVE_STDINT_H
| # include <stdint.h>
| #endif
| #ifdef HAVE_UNISTD_H
| # include <unistd.h>
| #endif
| #include <syslog.h>
configure:4853: result: no
configure:4853: checking syslog.h presence
configure:4853: gcc -std=gnu99 -E  conftest.c
conftest.c:22:20: fatal error: syslog.h: No such file or directory
compilation terminated.
configure:4853: $? = 1
configure: failed program was:
| /* confdefs.h */
| #define PACKAGE_NAME "cpuminer"
| #define PACKAGE_TARNAME "cpuminer"
| #define PACKAGE_VERSION "2.3.2"
| #define PACKAGE_STRING "cpuminer 2.3.2"
| #define PACKAGE_BUGREPORT ""
| #define PACKAGE_URL ""
| #define PACKAGE "cpuminer"
| #define VERSION "2.3.2"
| #define STDC_HEADERS 1
| #define HAVE_SYS_TYPES_H 1
| #define HAVE_SYS_STAT_H 1
| #define HAVE_STDLIB_H 1
| #define HAVE_STRING_H 1
| #define HAVE_MEMORY_H 1
| #define HAVE_STRINGS_H 1
| #define HAVE_INTTYPES_H 1
| #define HAVE_STDINT_H 1
| #define HAVE_UNISTD_H 1
| #define HAVE_SYS_PARAM_H 1
| /* end confdefs.h.  */
| #include <syslog.h>
configure:4853: result: no
configure:4853: checking for syslog.h
configure:4853: result: no
configure:4867: checking for sys/sysctl.h
configure:4867: gcc -std=gnu99 -c -g -O2  conftest.c >&5
conftest.c:28:24: fatal error: sys/sysctl.h: No such file or directory
compilation terminated.
configure:4867: $? = 1
configure: failed program was:
| /* confdefs.h */
| #define PACKAGE_NAME "cpuminer"
| #define PACKAGE_TARNAME "cpuminer"
| #define PACKAGE_VERSION "2.3.2"
| #define PACKAGE_STRING "cpuminer 2.3.2"
| #define PACKAGE_BUGREPORT ""
| #define PACKAGE_URL ""
| #define PACKAGE "cpuminer"
| #define VERSION "2.3.2"
| #define STDC_HEADERS 1
| #define HAVE_SYS_TYPES_H 1
| #define HAVE_SYS_STAT_H 1
| #define HAVE_STDLIB_H 1
| #define HAVE_STRING_H 1
| #define HAVE_MEMORY_H 1
| #define HAVE_STRINGS_H 1
| #define HAVE_INTTYPES_H 1
| #define HAVE_STDINT_H 1
| #define HAVE_UNISTD_H 1
| #define HAVE_SYS_PARAM_H 1
| /* end confdefs.h.  */
| #include <sys/types.h>
| #ifdef HAVE_SYS_PARAM_H
| #include <sys/param.h>
| #endif
| 
| 
| #include <sys/sysctl.h>
configure:4867: result: no
configure:4883: checking whether be32dec is declared
configure:4883: gcc -std=gnu99 -c -g -O2  conftest.c >&5
conftest.c: In function 'main':
conftest.c:67:10: error: 'be32dec' undeclared (first use in this function)
conftest.c:67:10: note: each undeclared identifier is reported only once for each function it appears in
configure:4883: $? = 1
configure: failed program was:
| /* confdefs.h */
| #define PACKAGE_NAME "cpuminer"
| #define PACKAGE_TARNAME "cpuminer"
| #define PACKAGE_VERSION "2.3.2"
| #define PACKAGE_STRING "cpuminer 2.3.2"
| #define PACKAGE_BUGREPORT ""
| #define PACKAGE_URL ""
| #define PACKAGE "cpuminer"
| #define VERSION "2.3.2"
| #define STDC_HEADERS 1
| #define HAVE_SYS_TYPES_H 1
| #define HAVE_SYS_STAT_H 1
| #define HAVE_STDLIB_H 1
| #define HAVE_STRING_H 1
| #define HAVE_MEMORY_H 1
| #define HAVE_STRINGS_H 1
| #define HAVE_INTTYPES_H 1
| #define HAVE_STDINT_H 1
| #define HAVE_UNISTD_H 1
| #define HAVE_SYS_PARAM_H 1
| /* end confdefs.h.  */
| #include <stdio.h>
| #ifdef HAVE_SYS_TYPES_H
| # include <sys/types.h>
| #endif
| #ifdef HAVE_SYS_STAT_H
| # include <sys/stat.h>
| #endif
| #ifdef STDC_HEADERS
| # include <stdlib.h>
| # include <stddef.h>
| #else
| # ifdef HAVE_STDLIB_H
| #  include <stdlib.h>
| # endif
| #endif
| #ifdef HAVE_STRING_H
| # if !defined STDC_HEADERS && defined HAVE_MEMORY_H
| #  include <memory.h>
| # endif
| # include <string.h>
| #endif
| #ifdef HAVE_STRINGS_H
| # include <strings.h>
| #endif
| #ifdef HAVE_INTTYPES_H
| # include <inttypes.h>
| #endif
| #ifdef HAVE_STDINT_H
| # include <stdint.h>
| #endif
| #ifdef HAVE_UNISTD_H
| # include <unistd.h>
| #endif
| #ifdef HAVE_SYS_ENDIAN_H
| #include <sys/endian.h>
| #endif
| 
| 
| int
| main ()
| {
| #ifndef be32dec
| #ifdef __cplusplus
|   (void) be32dec;
| #else
|   (void) be32dec;
| #endif
| #endif
| 
|   ;
|   return 0;
| }
configure:4883: result: no
configure:4898: checking whether le32dec is declared
configure:4898: gcc -std=gnu99 -c -g -O2  conftest.c >&5
conftest.c: In function 'main':
conftest.c:68:10: error: 'le32dec' undeclared (first use in this function)
conftest.c:68:10: note: each undeclared identifier is reported only once for each function it appears in
configure:4898: $? = 1
configure: failed program was:
| /* confdefs.h */
| #define PACKAGE_NAME "cpuminer"
| #define PACKAGE_TARNAME "cpuminer"
| #define PACKAGE_VERSION "2.3.2"
| #define PACKAGE_STRING "cpuminer 2.3.2"
| #define PACKAGE_BUGREPORT ""
| #define PACKAGE_URL ""
| #define PACKAGE "cpuminer"
| #define VERSION "2.3.2"
| #define STDC_HEADERS 1
| #define HAVE_SYS_TYPES_H 1
| #define HAVE_SYS_STAT_H 1
| #define HAVE_STDLIB_H 1
| #define HAVE_STRING_H 1
| #define HAVE_MEMORY_H 1
| #define HAVE_STRINGS_H 1
| #define HAVE_INTTYPES_H 1
| #define HAVE_STDINT_H 1
| #define HAVE_UNISTD_H 1
| #define HAVE_SYS_PARAM_H 1
| #define HAVE_DECL_BE32DEC 0
| /* end confdefs.h.  */
| #include <stdio.h>
| #ifdef HAVE_SYS_TYPES_H
| # include <sys/types.h>
| #endif
| #ifdef HAVE_SYS_STAT_H
| # include <sys/stat.h>
| #endif
| #ifdef STDC_HEADERS
| # include <stdlib.h>
| # include <stddef.h>
| #else
| # ifdef HAVE_STDLIB_H
| #  include <stdlib.h>
| # endif
| #endif
| #ifdef HAVE_STRING_H
| # if !defined STDC_HEADERS && defined HAVE_MEMORY_H
| #  include <memory.h>
| # endif
| # include <string.h>
| #endif
| #ifdef HAVE_STRINGS_H
| # include <strings.h>
| #endif
| #ifdef HAVE_INTTYPES_H
| # include <inttypes.h>
| #endif
| #ifdef HAVE_STDINT_H
| # include <stdint.h>
| #endif
| #ifdef HAVE_UNISTD_H
| # include <unistd.h>
| #endif
| #ifdef HAVE_SYS_ENDIAN_H
| #include <sys/endian.h>
| #endif
| 
| 
| int
| main ()
| {
| #ifndef le32dec
| #ifdef __cplusplus
|   (void) le32dec;
| #else
|   (void) le32dec;
| #endif
| #endif
| 
|   ;
|   return 0;
| }
configure:4898: result: no
configure:4913: checking whether be32enc is declared
configure:4913: gcc -std=gnu99 -c -g -O2  conftest.c >&5
conftest.c: In function 'main':
conftest.c:69:10: error: 'be32enc' undeclared (first use in this function)
conftest.c:69:10: note: each undeclared identifier is reported only once for each function it appears in
configure:4913: $? = 1
configure: failed program was:
| /* confdefs.h */
| #define PACKAGE_NAME "cpuminer"
| #define PACKAGE_TARNAME "cpuminer"
| #define PACKAGE_VERSION "2.3.2"
| #define PACKAGE_STRING "cpuminer 2.3.2"
| #define PACKAGE_BUGREPORT ""
| #define PACKAGE_URL ""
| #define PACKAGE "cpuminer"
| #define VERSION "2.3.2"
| #define STDC_HEADERS 1
| #define HAVE_SYS_TYPES_H 1
| #define HAVE_SYS_STAT_H 1
| #define HAVE_STDLIB_H 1
| #define HAVE_STRING_H 1
| #define HAVE_MEMORY_H 1
| #define HAVE_STRINGS_H 1
| #define HAVE_INTTYPES_H 1
| #define HAVE_STDINT_H 1
| #define HAVE_UNISTD_H 1
| #define HAVE_SYS_PARAM_H 1
| #define HAVE_DECL_BE32DEC 0
| #define HAVE_DECL_LE32DEC 0
| /* end confdefs.h.  */
| #include <stdio.h>
| #ifdef HAVE_SYS_TYPES_H
| # include <sys/types.h>
| #endif
| #ifdef HAVE_SYS_STAT_H
| # include <sys/stat.h>
| #endif
| #ifdef STDC_HEADERS
| # include <stdlib.h>
| # include <stddef.h>
| #else
| # ifdef HAVE_STDLIB_H
| #  include <stdlib.h>
| # endif
| #endif
| #ifdef HAVE_STRING_H
| # if !defined STDC_HEADERS && defined HAVE_MEMORY_H
| #  include <memory.h>
| # endif
| # include <string.h>
| #endif
| #ifdef HAVE_STRINGS_H
| # include <strings.h>
| #endif
| #ifdef HAVE_INTTYPES_H
| # include <inttypes.h>
| #endif
| #ifdef HAVE_STDINT_H
| # include <stdint.h>
| #endif
| #ifdef HAVE_UNISTD_H
| # include <unistd.h>
| #endif
| #ifdef HAVE_SYS_ENDIAN_H
| #include <sys/endian.h>
| #endif
| 
| 
| int
| main ()
| {
| #ifndef be32enc
| #ifdef __cplusplus
|   (void) be32enc;
| #else
|   (void) be32enc;
| #endif
| #endif
| 
|   ;
|   return 0;
| }
configure:4913: result: no
configure:4928: checking whether le32enc is declared
configure:4928: gcc -std=gnu99 -c -g -O2  conftest.c >&5
conftest.c: In function 'main':
conftest.c:70:10: error: 'le32enc' undeclared (first use in this function)
conftest.c:70:10: note: each undeclared identifier is reported only once for each function it appears in
configure:4928: $? = 1
configure: failed program was:
| /* confdefs.h */
| #define PACKAGE_NAME "cpuminer"
| #define PACKAGE_TARNAME "cpuminer"
| #define PACKAGE_VERSION "2.3.2"
| #define PACKAGE_STRING "cpuminer 2.3.2"
| #define PACKAGE_BUGREPORT ""
| #define PACKAGE_URL ""
| #define PACKAGE "cpuminer"
| #define VERSION "2.3.2"
| #define STDC_HEADERS 1
| #define HAVE_SYS_TYPES_H 1
| #define HAVE_SYS_STAT_H 1
| #define HAVE_STDLIB_H 1
| #define HAVE_STRING_H 1
| #define HAVE_MEMORY_H 1
| #define HAVE_STRINGS_H 1
| #define HAVE_INTTYPES_H 1
| #define HAVE_STDINT_H 1
| #define HAVE_UNISTD_H 1
| #define HAVE_SYS_PARAM_H 1
| #define HAVE_DECL_BE32DEC 0
| #define HAVE_DECL_LE32DEC 0
| #define HAVE_DECL_BE32ENC 0
| /* end confdefs.h.  */
| #include <stdio.h>
| #ifdef HAVE_SYS_TYPES_H
| # include <sys/types.h>
| #endif
| #ifdef HAVE_SYS_STAT_H
| # include <sys/stat.h>
| #endif
| #ifdef STDC_HEADERS
| # include <stdlib.h>
| # include <stddef.h>
| #else
| # ifdef HAVE_STDLIB_H
| #  include <stdlib.h>
| # endif
| #endif
| #ifdef HAVE_STRING_H
| # if !defined STDC_HEADERS && defined HAVE_MEMORY_H
| #  include <memory.h>
| # endif
| # include <string.h>
| #endif
| #ifdef HAVE_STRINGS_H
| # include <strings.h>
| #endif
| #ifdef HAVE_INTTYPES_H
| # include <inttypes.h>
| #endif
| #ifdef HAVE_STDINT_H
| # include <stdint.h>
| #endif
| #ifdef HAVE_UNISTD_H
| # include <unistd.h>
| #endif
| #ifdef HAVE_SYS_ENDIAN_H
| #include <sys/endian.h>
| #endif
| 
| 
| int
| main ()
| {
| #ifndef le32enc
| #ifdef __cplusplus
|   (void) le32enc;
| #else
|   (void) le32enc;
| #endif
| #endif
| 
|   ;
|   return 0;
| }
configure:4928: result: no
configure:4945: checking for size_t
configure:4945: gcc -std=gnu99 -c -g -O2  conftest.c >&5
configure:4945: $? = 0
configure:4945: gcc -std=gnu99 -c -g -O2  conftest.c >&5
conftest.c: In function 'main':
conftest.c:62:21: error: expected expression before ')' token
configure:4945: $? = 1
configure: failed program was:
| /* confdefs.h */
| #define PACKAGE_NAME "cpuminer"
| #define PACKAGE_TARNAME "cpuminer"
| #define PACKAGE_VERSION "2.3.2"
| #define PACKAGE_STRING "cpuminer 2.3.2"
| #define PACKAGE_BUGREPORT ""
| #define PACKAGE_URL ""
| #define PACKAGE "cpuminer"
| #define VERSION "2.3.2"
| #define STDC_HEADERS 1
| #define HAVE_SYS_TYPES_H 1
| #define HAVE_SYS_STAT_H 1
| #define HAVE_STDLIB_H 1
| #define HAVE_STRING_H 1
| #define HAVE_MEMORY_H 1
| #define HAVE_STRINGS_H 1
| #define HAVE_INTTYPES_H 1
| #define HAVE_STDINT_H 1
| #define HAVE_UNISTD_H 1
| #define HAVE_SYS_PARAM_H 1
| #define HAVE_DECL_BE32DEC 0
| #define HAVE_DECL_LE32DEC 0
| #define HAVE_DECL_BE32ENC 0
| #define HAVE_DECL_LE32ENC 0
| /* end confdefs.h.  */
| #include <stdio.h>
| #ifdef HAVE_SYS_TYPES_H
| # include <sys/types.h>
| #endif
| #ifdef HAVE_SYS_STAT_H
| # include <sys/stat.h>
| #endif
| #ifdef STDC_HEADERS
| # include <stdlib.h>
| # include <stddef.h>
| #else
| # ifdef HAVE_STDLIB_H
| #  include <stdlib.h>
| # endif
| #endif
| #ifdef HAVE_STRING_H
| # if !defined STDC_HEADERS && defined HAVE_MEMORY_H
| #  include <memory.h>
| # endif
| # include <string.h>
| #endif
| #ifdef HAVE_STRINGS_H
| # include <strings.h>
| #endif
| #ifdef HAVE_INTTYPES_H
| # include <inttypes.h>
| #endif
| #ifdef HAVE_STDINT_H
| # include <stdint.h>
| #endif
| #ifdef HAVE_UNISTD_H
| # include <unistd.h>
| #endif
| int
| main ()
| {
| if (sizeof ((size_t)))
| 	    return 0;
|   ;
|   return 0;
| }
configure:4945: result: yes
configure:4958: checking for working alloca.h
configure:4975: gcc -std=gnu99 -o conftest.exe -g -O2   conftest.c  >&5
conftest.c:26:20: fatal error: alloca.h: No such file or directory
compilation terminated.
configure:4975: $? = 1
configure: failed program was:
| /* confdefs.h */
| #define PACKAGE_NAME "cpuminer"
| #define PACKAGE_TARNAME "cpuminer"
| #define PACKAGE_VERSION "2.3.2"
| #define PACKAGE_STRING "cpuminer 2.3.2"
| #define PACKAGE_BUGREPORT ""
| #define PACKAGE_URL ""
| #define PACKAGE "cpuminer"
| #define VERSION "2.3.2"
| #define STDC_HEADERS 1
| #define HAVE_SYS_TYPES_H 1
| #define HAVE_SYS_STAT_H 1
| #define HAVE_STDLIB_H 1
| #define HAVE_STRING_H 1
| #define HAVE_MEMORY_H 1
| #define HAVE_STRINGS_H 1
| #define HAVE_INTTYPES_H 1
| #define HAVE_STDINT_H 1
| #define HAVE_UNISTD_H 1
| #define HAVE_SYS_PARAM_H 1
| #define HAVE_DECL_BE32DEC 0
| #define HAVE_DECL_LE32DEC 0
| #define HAVE_DECL_BE32ENC 0
| #define HAVE_DECL_LE32ENC 0
| /* end confdefs.h.  */
| #include <alloca.h>
| int
| main ()
| {
| char *p = (char *) alloca (2 * sizeof (int));
| 			  if (p) return 0;
|   ;
|   return 0;
| }
configure:4983: result: no
configure:4991: checking for alloca
configure:5028: gcc -std=gnu99 -o conftest.exe -g -O2   conftest.c  >&5
configure:5028: $? = 0
configure:5036: result: yes
configure:5147: checking for getopt_long
configure:5147: gcc -std=gnu99 -o conftest.exe -g -O2   conftest.c  >&5
configure:5147: $? = 0
configure:5147: result: yes
configure:5184: checking whether we can compile AVX code
configure:5197: gcc -std=gnu99 -c -g -O2  conftest.c >&5
configure:5197: $? = 0
configure:5201: result: yes
configure:5203: checking whether we can compile XOP code
configure:5216: gcc -std=gnu99 -c -g -O2  conftest.c >&5
configure:5216: $? = 0
configure:5220: result: yes
configure:5231: checking whether we can compile AVX2 code
configure:5244: gcc -std=gnu99 -c -g -O2  conftest.c >&5
configure:5244: $? = 0
configure:5248: result: yes
configure:5270: checking for json_loads in -ljansson
configure:5295: gcc -std=gnu99 -o conftest.exe -g -O2   conftest.c -ljansson   >&5
C:\DOCUME~1\TANGHY~1.BHH\LOCALS~1\Temp\ccneE8pr.o: In function `main':
v:\bibibi\src\GPL-CPU-miner/conftest.c:42: undefined reference to `json_loads'
collect2: ld returned 1 exit status
configure:5295: $? = 1
configure: failed program was:
| /* confdefs.h */
| #define PACKAGE_NAME "cpuminer"
| #define PACKAGE_TARNAME "cpuminer"
| #define PACKAGE_VERSION "2.3.2"
| #define PACKAGE_STRING "cpuminer 2.3.2"
| #define PACKAGE_BUGREPORT ""
| #define PACKAGE_URL ""
| #define PACKAGE "cpuminer"
| #define VERSION "2.3.2"
| #define STDC_HEADERS 1
| #define HAVE_SYS_TYPES_H 1
| #define HAVE_SYS_STAT_H 1
| #define HAVE_STDLIB_H 1
| #define HAVE_STRING_H 1
| #define HAVE_MEMORY_H 1
| #define HAVE_STRINGS_H 1
| #define HAVE_INTTYPES_H 1
| #define HAVE_STDINT_H 1
| #define HAVE_UNISTD_H 1
| #define HAVE_SYS_PARAM_H 1
| #define HAVE_DECL_BE32DEC 0
| #define HAVE_DECL_LE32DEC 0
| #define HAVE_DECL_BE32ENC 0
| #define HAVE_DECL_LE32ENC 0
| #define HAVE_ALLOCA 1
| #define HAVE_GETOPT_LONG 1
| #define USE_AVX 1
| #define USE_XOP 1
| #define USE_AVX2 1
| /* end confdefs.h.  */
| 
| /* Override any GCC internal prototype to avoid an error.
|    Use char because int might match the return type of a GCC
|    builtin and then its argument prototype would still apply.  */
| #ifdef __cplusplus
| extern "C"
| #endif
| char json_loads ();
| int
| main ()
| {
| return json_loads ();
|   ;
|   return 0;
| }
configure:5304: result: no
configure:5312: checking for pthread_create in -lpthread
configure:5337: gcc -std=gnu99 -o conftest.exe -g -O2   conftest.c -lpthread   >&5
configure:5337: $? = 0
configure:5346: result: yes
configure:5681: creating ./config.status

## ---------------------- ##
## Running config.status. ##
## ---------------------- ##

This file was extended by cpuminer config.status 2.3.2, which was
generated by GNU Autoconf 2.68.  Invocation command line was

  CONFIG_FILES    = 
  CONFIG_HEADERS  = 
  CONFIG_LINKS    = 
  CONFIG_COMMANDS = 
  $ ./config.status 

on tanghyc

config.status:907: creating Makefile
config.status:907: creating compat/Makefile
config.status:907: creating compat/jansson/Makefile
config.status:907: creating cpuminer-config.h
config.status:1136: executing depfiles commands

## ---------------- ##
## Cache variables. ##
## ---------------- ##

ac_cv_build=i686-pc-mingw32
ac_cv_c_compiler_gnu=yes
ac_cv_env_CCASFLAGS_set=
ac_cv_env_CCASFLAGS_value=
ac_cv_env_CCAS_set=
ac_cv_env_CCAS_value=
ac_cv_env_CC_set=
ac_cv_env_CC_value=
ac_cv_env_CFLAGS_set=
ac_cv_env_CFLAGS_value=
ac_cv_env_CPPFLAGS_set=
ac_cv_env_CPPFLAGS_value=
ac_cv_env_CPP_set=
ac_cv_env_CPP_value=
ac_cv_env_LDFLAGS_set=
ac_cv_env_LDFLAGS_value=
ac_cv_env_LIBS_set=
ac_cv_env_LIBS_value=
ac_cv_env_build_alias_set=
ac_cv_env_build_alias_value=
ac_cv_env_host_alias_set=
ac_cv_env_host_alias_value=
ac_cv_env_target_alias_set=
ac_cv_env_target_alias_value=
ac_cv_exeext=.exe
ac_cv_func_alloca_works=yes
ac_cv_func_getopt_long=yes
ac_cv_have_decl_be32dec=no
ac_cv_have_decl_be32enc=no
ac_cv_have_decl_le32dec=no
ac_cv_have_decl_le32enc=no
ac_cv_header_inttypes_h=yes
ac_cv_header_memory_h=yes
ac_cv_header_stdc=yes
ac_cv_header_stdint_h=yes
ac_cv_header_stdlib_h=yes
ac_cv_header_string_h=yes
ac_cv_header_strings_h=yes
ac_cv_header_sys_endian_h=no
ac_cv_header_sys_param_h=yes
ac_cv_header_sys_stat_h=yes
ac_cv_header_sys_sysctl_h=no
ac_cv_header_sys_types_h=yes
ac_cv_header_syslog_h=no
ac_cv_header_unistd_h=yes
ac_cv_host=i686-pc-mingw32
ac_cv_lib_jansson_json_loads=no
ac_cv_lib_pthread_pthread_create=yes
ac_cv_objext=o
ac_cv_path_EGREP='/bin/grep -E'
ac_cv_path_GREP=/bin/grep
ac_cv_path_install='/bin/install -c'
ac_cv_path_mkdir=/bin/mkdir
ac_cv_prog_AWK=gawk
ac_cv_prog_CPP='gcc -std=gnu99 -E'
ac_cv_prog_ac_ct_CC=gcc
ac_cv_prog_ac_ct_RANLIB=ranlib
ac_cv_prog_cc_c89=
ac_cv_prog_cc_c99=-std=gnu99
ac_cv_prog_cc_g=yes
ac_cv_prog_cc_gcc_c_o=yes
ac_cv_prog_gcc_traditional=no
ac_cv_prog_make_make_set=yes
ac_cv_target=i686-pc-mingw32
ac_cv_type_size_t=yes
ac_cv_working_alloca_h=no
am_cv_CCAS_dependencies_compiler_type=gcc3
am_cv_CC_dependencies_compiler_type=gcc3

## ----------------- ##
## Output variables. ##
## ----------------- ##

ACLOCAL='${SHELL} /v/bibibi/src/GPL-CPU-miner/missing --run aclocal-1.11'
ALLOCA=''
AMDEPBACKSLASH='\'
AMDEP_FALSE='#'
AMDEP_TRUE=''
AMTAR='${SHELL} /v/bibibi/src/GPL-CPU-miner/missing --run tar'
ARCH_x86_64_FALSE=''
ARCH_x86_64_TRUE='#'
ARCH_x86_FALSE='#'
ARCH_x86_TRUE=''
AUTOCONF='${SHELL} /v/bibibi/src/GPL-CPU-miner/missing --run autoconf'
AUTOHEADER='${SHELL} /v/bibibi/src/GPL-CPU-miner/missing --run autoheader'
AUTOMAKE='${SHELL} /v/bibibi/src/GPL-CPU-miner/missing --run automake-1.11'
AWK='gawk'
CC='gcc -std=gnu99'
CCAS='gcc -std=gnu99'
CCASDEPMODE='depmode=gcc3'
CCASFLAGS='-g -O2'
CCDEPMODE='depmode=gcc3'
CFLAGS='-g -O2'
CPP='gcc -std=gnu99 -E'
CPPFLAGS=''
CYGPATH_W='cygpath -w'
DEFS='-DHAVE_CONFIG_H'
DEPDIR='.deps'
ECHO_C=''
ECHO_N='-n'
ECHO_T=''
EGREP='/bin/grep -E'
EXEEXT='.exe'
GREP='/bin/grep'
HAVE_WINDOWS_FALSE='#'
HAVE_WINDOWS_TRUE=''
INSTALL_DATA='${INSTALL} -m 644'
INSTALL_PROGRAM='${INSTALL}'
INSTALL_SCRIPT='${INSTALL}'
INSTALL_STRIP_PROGRAM='$(install_sh) -c -s'
JANSSON_LIBS='compat/jansson/libjansson.a'
LDFLAGS=''
LIBCURL_LIBS=''
LIBOBJS=''
LIBS=''
LTLIBOBJS=''
MAINT='#'
MAINTAINER_MODE_FALSE=''
MAINTAINER_MODE_TRUE='#'
MAKEINFO='${SHELL} /v/bibibi/src/GPL-CPU-miner/missing --run makeinfo'
MKDIR_P='/bin/mkdir -p'
OBJEXT='o'
PACKAGE='cpuminer'
PACKAGE_BUGREPORT=''
PACKAGE_NAME='cpuminer'
PACKAGE_STRING='cpuminer 2.3.2'
PACKAGE_TARNAME='cpuminer'
PACKAGE_URL=''
PACKAGE_VERSION='2.3.2'
PATH_SEPARATOR=':'
PTHREAD_FLAGS=''
PTHREAD_LIBS='-lpthread'
RANLIB='ranlib'
SET_MAKE=''
SHELL='/bin/sh'
STRIP=''
VERSION='2.3.2'
WANT_JANSSON_FALSE='#'
WANT_JANSSON_TRUE=''
WS2_LIBS='-lws2_32'
ac_ct_CC='gcc'
am__EXEEXT_FALSE='#'
am__EXEEXT_TRUE=''
am__fastdepCCAS_FALSE='#'
am__fastdepCCAS_TRUE=''
am__fastdepCC_FALSE='#'
am__fastdepCC_TRUE=''
am__include='include'
am__isrc=''
am__leading_dot='.'
am__quote=''
am__tar='${AMTAR} chof - "$$tardir"'
am__untar='${AMTAR} xf -'
bindir='${exec_prefix}/bin'
build='i686-pc-mingw32'
build_alias=''
build_cpu='i686'
build_os='mingw32'
build_vendor='pc'
datadir='${datarootdir}'
datarootdir='${prefix}/share'
docdir='${datarootdir}/doc/${PACKAGE_TARNAME}'
dvidir='${docdir}'
exec_prefix='${prefix}'
host='i686-pc-mingw32'
host_alias=''
host_cpu='i686'
host_os='mingw32'
host_vendor='pc'
htmldir='${docdir}'
includedir='${prefix}/include'
infodir='${datarootdir}/info'
install_sh='${SHELL} /v/bibibi/src/GPL-CPU-miner/install-sh'
libdir='${exec_prefix}/lib'
libexecdir='${exec_prefix}/libexec'
localedir='${datarootdir}/locale'
localstatedir='${prefix}/var'
mandir='${datarootdir}/man'
mkdir_p='/bin/mkdir -p'
oldincludedir='/usr/include'
pdfdir='${docdir}'
prefix='/usr/local'
program_transform_name='s,x,x,'
psdir='${docdir}'
sbindir='${exec_prefix}/sbin'
sharedstatedir='${prefix}/com'
sysconfdir='${prefix}/etc'
target='i686-pc-mingw32'
target_alias=''
target_cpu='i686'
target_os='mingw32'
target_vendor='pc'

## ----------- ##
## confdefs.h. ##
## ----------- ##

/* confdefs.h */
#define PACKAGE_NAME "cpuminer"
#define PACKAGE_TARNAME "cpuminer"
#define PACKAGE_VERSION "2.3.2"
#define PACKAGE_STRING "cpuminer 2.3.2"
#define PACKAGE_BUGREPORT ""
#define PACKAGE_URL ""
#define PACKAGE "cpuminer"
#define VERSION "2.3.2"
#define STDC_HEADERS 1
#define HAVE_SYS_TYPES_H 1
#define HAVE_SYS_STAT_H 1
#define HAVE_STDLIB_H 1
#define HAVE_STRING_H 1
#define HAVE_MEMORY_H 1
#define HAVE_STRINGS_H 1
#define HAVE_INTTYPES_H 1
#define HAVE_STDINT_H 1
#define HAVE_UNISTD_H 1
#define HAVE_SYS_PARAM_H 1
#define HAVE_DECL_BE32DEC 0
#define HAVE_DECL_LE32DEC 0
#define HAVE_DECL_BE32ENC 0
#define HAVE_DECL_LE32ENC 0
#define HAVE_ALLOCA 1
#define HAVE_GETOPT_LONG 1
#define USE_AVX 1
#define USE_XOP 1
#define USE_AVX2 1

configure: exit 0
